-------------------------------------------------------------------------------
Test set: cucumber_options.TestRunner
-------------------------------------------------------------------------------
Tests run: 1, Failures: 0, Errors: 1, Skipped: 0, Time elapsed: 1.154 s <<< FAILURE! - in cucumber_options.TestRunner
initializationError(cucumber_options.TestRunner)  Time elapsed: 0.009 s  <<< ERROR!
java.lang.IllegalArgumentException: path must exist: C:\Users\Khalid\eclipse-workspace\maven-section35\src\test\java\features_package

